# JRE version: OpenJDK Runtime Environment Temurin-21.0.6+7 (21.0.6+7) (build 21.0.6+7-LTS)
# Java VM: OpenJDK 64-Bit Server VM Temurin-21.0.6+7 (21.0.6+7-LTS, mixed mode, sharing, tiered, compressed oops, compressed class ptrs, parallel gc, windows-amd64)
GC Precious Log:
 CardTable entry size: 512
 CPUs: 12 total, 12 available
 Memory: 16255M
 Large Page Support: Disabled
 NUMA Support: Disabled
 Compressed Oops: Enabled (32-bit)
 Alignments: Space 512K, Generation 512K, Heap 2M
 Heap Min Capacity: 100M
 Heap Initial Capacity: 100M
 Heap Max Capacity: 1G
 Pre-touch: Disabled
 Parallel Workers: 10
Heap:
 PSYoungGen      total 23552K, used 3424K [0x00000000eab00000, 0x00000000ec980000, 0x0000000100000000)
  eden space 22528K, 10% used [0x00000000eab00000,0x00000000ead5cd78,0x00000000ec100000)
  from space 1024K, 98% used [0x00000000ec700000,0x00000000ec7fb670,0x00000000ec800000)
  to   space 1536K, 0% used [0x00000000ec800000,0x00000000ec800000,0x00000000ec980000)
 ParOldGen       total 68608K, used 19287K [0x00000000c0000000, 0x00000000c4300000, 0x00000000eab00000)
  object space 68608K, 28% used [0x00000000c0000000,0x00000000c12d5c70,0x00000000c4300000)
 Metaspace       used 30652K, committed 31552K, reserved 1114112K
  class space    used 2995K, committed 3392K, reserved 1048576K
GC Heap History (20 events):
Event: 10.793 GC heap before
{Heap before GC invocations=3 (full 0):
 PSYoungGen      total 29696K, used 29669K [0x00000000eab00000, 0x00000000ecc00000, 0x0000000100000000)
  eden space 25600K, 100% used [0x00000000eab00000,0x00000000ec400000,0x00000000ec400000)
  from space 4096K, 99% used [0x00000000ec800000,0x00000000ecbf97f0,0x00000000ecc00000)
  to   space 4096K, 0% used [0x00000000ec400000,0x00000000ec400000,0x00000000ec800000)
 ParOldGen       total 68608K, used 1732K [0x00000000c0000000, 0x00000000c4300000, 0x00000000eab00000)
  object space 68608K, 2% used [0x00000000c0000000,0x00000000c01b10c8,0x00000000c4300000)
 Metaspace       used 9172K, committed 9536K, reserved 1114112K
  class space    used 916K, committed 1088K, reserved 1048576K
}
Event: 10.797 GC heap after
{Heap after GC invocations=3 (full 0):
 PSYoungGen      total 29696K, used 4066K [0x00000000eab00000, 0x00000000ecc00000, 0x0000000100000000)
  eden space 25600K, 0% used [0x00000000eab00000,0x00000000eab00000,0x00000000ec400000)
  from space 4096K, 99% used [0x00000000ec400000,0x00000000ec7f8840,0x00000000ec800000)
  to   space 4096K, 0% used [0x00000000ec800000,0x00000000ec800000,0x00000000ecc00000)
 ParOldGen       total 68608K, used 5705K [0x00000000c0000000, 0x00000000c4300000, 0x00000000eab00000)
  object space 68608K, 8% used [0x00000000c0000000,0x00000000c0592528,0x00000000c4300000)
 Metaspace       used 9172K, committed 9536K, reserved 1114112K
  class space    used 916K, committed 1088K, reserved 1048576K
}
Event: 14.420 GC heap before
{Heap before GC invocations=4 (full 0):
 PSYoungGen      total 29696K, used 29666K [0x00000000eab00000, 0x00000000ecc00000, 0x0000000100000000)
  eden space 25600K, 100% used [0x00000000eab00000,0x00000000ec400000,0x00000000ec400000)
  from space 4096K, 99% used [0x00000000ec400000,0x00000000ec7f8840,0x00000000ec800000)
  to   space 4096K, 0% used [0x00000000ec800000,0x00000000ec800000,0x00000000ecc00000)
 ParOldGen       total 68608K, used 5705K [0x00000000c0000000, 0x00000000c4300000, 0x00000000eab00000)
  object space 68608K, 8% used [0x00000000c0000000,0x00000000c0592528,0x00000000c4300000)
 Metaspace       used 12485K, committed 12864K, reserved 1114112K
  class space    used 1242K, committed 1408K, reserved 1048576K
}
Event: 14.423 GC heap after
{Heap after GC invocations=4 (full 0):
 PSYoungGen      total 29696K, used 4083K [0x00000000eab00000, 0x00000000ecc00000, 0x0000000100000000)
  eden space 25600K, 0% used [0x00000000eab00000,0x00000000eab00000,0x00000000ec400000)
  from space 4096K, 99% used [0x00000000ec800000,0x00000000ecbfcfc8,0x00000000ecc00000)
  to   space 4096K, 0% used [0x00000000ec400000,0x00000000ec400000,0x00000000ec800000)
 ParOldGen       total 68608K, used 6580K [0x00000000c0000000, 0x00000000c4300000, 0x00000000eab00000)
  object space 68608K, 9% used [0x00000000c0000000,0x00000000c066d100,0x00000000c4300000)
 Metaspace       used 12485K, committed 12864K, reserved 1114112K
  class space    used 1242K, committed 1408K, reserved 1048576K
}
Event: 14.914 GC heap before
{Heap before GC invocations=5 (full 0):
 PSYoungGen      total 29696K, used 29683K [0x00000000eab00000, 0x00000000ecc00000, 0x0000000100000000)
  eden space 25600K, 100% used [0x00000000eab00000,0x00000000ec400000,0x00000000ec400000)
  from space 4096K, 99% used [0x00000000ec800000,0x00000000ecbfcfc8,0x00000000ecc00000)
  to   space 4096K, 0% used [0x00000000ec400000,0x00000000ec400000,0x00000000ec800000)
 ParOldGen       total 68608K, used 6580K [0x00000000c0000000, 0x00000000c4300000, 0x00000000eab00000)
  object space 68608K, 9% used [0x00000000c0000000,0x00000000c066d100,0x00000000c4300000)
 Metaspace       used 15459K, committed 16064K, reserved 1114112K
  class space    used 1518K, committed 1792K, reserved 1048576K
}
Event: 15.920 GC heap after
{Heap after GC invocations=5 (full 0):
 PSYoungGen      total 29184K, used 4087K [0x00000000eab00000, 0x00000000ed680000, 0x0000000100000000)
  eden space 25088K, 0% used [0x00000000eab00000,0x00000000eab00000,0x00000000ec380000)
  from space 4096K, 99% used [0x00000000ec400000,0x00000000ec7fdd18,0x00000000ec800000)
  to   space 9728K, 0% used [0x00000000ecd00000,0x00000000ecd00000,0x00000000ed680000)
 ParOldGen       total 68608K, used 11176K [0x00000000c0000000, 0x00000000c4300000, 0x00000000eab00000)
  object space 68608K, 16% used [0x00000000c0000000,0x00000000c0aea088,0x00000000c4300000)
 Metaspace       used 15459K, committed 16064K, reserved 1114112K
  class space    used 1518K, committed 1792K, reserved 1048576K
}
Event: 32.359 GC heap before
{Heap before GC invocations=6 (full 0):
 PSYoungGen      total 29184K, used 29175K [0x00000000eab00000, 0x00000000ed680000, 0x0000000100000000)
  eden space 25088K, 100% used [0x00000000eab00000,0x00000000ec380000,0x00000000ec380000)
  from space 4096K, 99% used [0x00000000ec400000,0x00000000ec7fdd18,0x00000000ec800000)
  to   space 9728K, 0% used [0x00000000ecd00000,0x00000000ecd00000,0x00000000ed680000)
 ParOldGen       total 68608K, used 11176K [0x00000000c0000000, 0x00000000c4300000, 0x00000000eab00000)
  object space 68608K, 16% used [0x00000000c0000000,0x00000000c0aea088,0x00000000c4300000)
 Metaspace       used 18472K, committed 19200K, reserved 1114112K
  class space    used 1822K, committed 2176K, reserved 1048576K
}
Event: 32.362 GC heap after
{Heap after GC invocations=6 (full 0):
 PSYoungGen      total 30208K, used 5483K [0x00000000eab00000, 0x00000000ed280000, 0x0000000100000000)
  eden space 24576K, 0% used [0x00000000eab00000,0x00000000eab00000,0x00000000ec300000)
  from space 5632K, 97% used [0x00000000ecd00000,0x00000000ed25ad10,0x00000000ed280000)
  to   space 6656K, 0% used [0x00000000ec580000,0x00000000ec580000,0x00000000ecc00000)
 ParOldGen       total 68608K, used 11184K [0x00000000c0000000, 0x00000000c4300000, 0x00000000eab00000)
  object space 68608K, 16% used [0x00000000c0000000,0x00000000c0aec088,0x00000000c4300000)
 Metaspace       used 18472K, committed 19200K, reserved 1114112K
  class space    used 1822K, committed 2176K, reserved 1048576K
}
Event: 32.635 GC heap before
{Heap before GC invocations=7 (full 0):
 PSYoungGen      total 30208K, used 28497K [0x00000000eab00000, 0x00000000ed280000, 0x0000000100000000)
  eden space 24576K, 93% used [0x00000000eab00000,0x00000000ec1799b8,0x00000000ec300000)
  from space 5632K, 97% used [0x00000000ecd00000,0x00000000ed25ad10,0x00000000ed280000)
  to   space 6656K, 0% used [0x00000000ec580000,0x00000000ec580000,0x00000000ecc00000)
 ParOldGen       total 68608K, used 11184K [0x00000000c0000000, 0x00000000c4300000, 0x00000000eab00000)
  object space 68608K, 16% used [0x00000000c0000000,0x00000000c0aec088,0x00000000c4300000)
 Metaspace       used 20786K, committed 21504K, reserved 1114112K
  class space    used 2076K, committed 2368K, reserved 1048576K
}
Event: 32.638 GC heap after
{Heap after GC invocations=7 (full 0):
 PSYoungGen      total 29696K, used 4764K [0x00000000eab00000, 0x00000000ece00000, 0x0000000100000000)
  eden space 24576K, 0% used [0x00000000eab00000,0x00000000eab00000,0x00000000ec300000)
  from space 5120K, 93% used [0x00000000ec580000,0x00000000eca27038,0x00000000eca80000)
  to   space 3584K, 0% used [0x00000000eca80000,0x00000000eca80000,0x00000000ece00000)
 ParOldGen       total 68608K, used 12476K [0x00000000c0000000, 0x00000000c4300000, 0x00000000eab00000)
  object space 68608K, 18% used [0x00000000c0000000,0x00000000c0c2f360,0x00000000c4300000)
 Metaspace       used 20786K, committed 21504K, reserved 1114112K
  class space    used 2076K, committed 2368K, reserved 1048576K
}
Event: 32.638 GC heap before
{Heap before GC invocations=8 (full 1):
 PSYoungGen      total 29696K, used 4764K [0x00000000eab00000, 0x00000000ece00000, 0x0000000100000000)
  eden space 24576K, 0% used [0x00000000eab00000,0x00000000eab00000,0x00000000ec300000)
  from space 5120K, 93% used [0x00000000ec580000,0x00000000eca27038,0x00000000eca80000)
  to   space 3584K, 0% used [0x00000000eca80000,0x00000000eca80000,0x00000000ece00000)
 ParOldGen       total 68608K, used 12476K [0x00000000c0000000, 0x00000000c4300000, 0x00000000eab00000)
  object space 68608K, 18% used [0x00000000c0000000,0x00000000c0c2f360,0x00000000c4300000)
 Metaspace       used 20786K, committed 21504K, reserved 1114112K
  class space    used 2076K, committed 2368K, reserved 1048576K
}
Event: 32.664 GC heap after
{Heap after GC invocations=8 (full 1):
 PSYoungGen      total 29696K, used 0K [0x00000000eab00000, 0x00000000ece00000, 0x0000000100000000)
  eden space 24576K, 0% used [0x00000000eab00000,0x00000000eab00000,0x00000000ec300000)
  from space 5120K, 0% used [0x00000000ec580000,0x00000000ec580000,0x00000000eca80000)
  to   space 3584K, 0% used [0x00000000eca80000,0x00000000eca80000,0x00000000ece00000)
 ParOldGen       total 68608K, used 16566K [0x00000000c0000000, 0x00000000c4300000, 0x00000000eab00000)
  object space 68608K, 24% used [0x00000000c0000000,0x00000000c102dbb0,0x00000000c4300000)
 Metaspace       used 20773K, committed 21504K, reserved 1114112K
  class space    used 2073K, committed 2368K, reserved 1048576K
}
Event: 32.828 GC heap before
{Heap before GC invocations=9 (full 1):
 PSYoungGen      total 29696K, used 24519K [0x00000000eab00000, 0x00000000ece00000, 0x0000000100000000)
  eden space 24576K, 99% used [0x00000000eab00000,0x00000000ec2f1d48,0x00000000ec300000)
  from space 5120K, 0% used [0x00000000ec580000,0x00000000ec580000,0x00000000eca80000)
  to   space 3584K, 0% used [0x00000000eca80000,0x00000000eca80000,0x00000000ece00000)
 ParOldGen       total 68608K, used 16566K [0x00000000c0000000, 0x00000000c4300000, 0x00000000eab00000)
  object space 68608K, 24% used [0x00000000c0000000,0x00000000c102dbb0,0x00000000c4300000)
 Metaspace       used 23267K, committed 24064K, reserved 1114112K
  class space    used 2233K, committed 2560K, reserved 1048576K
}
Event: 32.829 GC heap after
{Heap after GC invocations=9 (full 1):
 PSYoungGen      total 25088K, used 697K [0x00000000eab00000, 0x00000000ecb80000, 0x0000000100000000)
  eden space 24064K, 0% used [0x00000000eab00000,0x00000000eab00000,0x00000000ec280000)
  from space 1024K, 68% used [0x00000000eca80000,0x00000000ecb2e7f0,0x00000000ecb80000)
  to   space 2560K, 0% used [0x00000000ec680000,0x00000000ec680000,0x00000000ec900000)
 ParOldGen       total 68608K, used 16566K [0x00000000c0000000, 0x00000000c4300000, 0x00000000eab00000)
  object space 68608K, 24% used [0x00000000c0000000,0x00000000c102dbb0,0x00000000c4300000)
 Metaspace       used 23267K, committed 24064K, reserved 1114112K
  class space    used 2233K, committed 2560K, reserved 1048576K
}
Event: 33.972 GC heap before
{Heap before GC invocations=10 (full 1):
 PSYoungGen      total 25088K, used 24761K [0x00000000eab00000, 0x00000000ecb80000, 0x0000000100000000)
  eden space 24064K, 100% used [0x00000000eab00000,0x00000000ec280000,0x00000000ec280000)
  from space 1024K, 68% used [0x00000000eca80000,0x00000000ecb2e7f0,0x00000000ecb80000)
  to   space 2560K, 0% used [0x00000000ec680000,0x00000000ec680000,0x00000000ec900000)
 ParOldGen       total 68608K, used 16566K [0x00000000c0000000, 0x00000000c4300000, 0x00000000eab00000)
  object space 68608K, 24% used [0x00000000c0000000,0x00000000c102dbb0,0x00000000c4300000)
 Metaspace       used 26586K, committed 27456K, reserved 1114112K
  class space    used 2512K, committed 2880K, reserved 1048576K
}
Event: 33.973 GC heap after
{Heap after GC invocations=10 (full 1):
 PSYoungGen      total 26112K, used 2527K [0x00000000eab00000, 0x00000000ecb00000, 0x0000000100000000)
  eden space 23552K, 0% used [0x00000000eab00000,0x00000000eab00000,0x00000000ec200000)
  from space 2560K, 98% used [0x00000000ec680000,0x00000000ec8f7d58,0x00000000ec900000)
  to   space 2048K, 0% used [0x00000000ec900000,0x00000000ec900000,0x00000000ecb00000)
 ParOldGen       total 68608K, used 16574K [0x00000000c0000000, 0x00000000c4300000, 0x00000000eab00000)
  object space 68608K, 24% used [0x00000000c0000000,0x00000000c102fbb0,0x00000000c4300000)
 Metaspace       used 26586K, committed 27456K, reserved 1114112K
  class space    used 2512K, committed 2880K, reserved 1048576K
}
Event: 34.108 GC heap before
{Heap before GC invocations=11 (full 1):
 PSYoungGen      total 26112K, used 26079K [0x00000000eab00000, 0x00000000ecb00000, 0x0000000100000000)
  eden space 23552K, 100% used [0x00000000eab00000,0x00000000ec200000,0x00000000ec200000)
  from space 2560K, 98% used [0x00000000ec680000,0x00000000ec8f7d58,0x00000000ec900000)
  to   space 2048K, 0% used [0x00000000ec900000,0x00000000ec900000,0x00000000ecb00000)
 ParOldGen       total 68608K, used 16574K [0x00000000c0000000, 0x00000000c4300000, 0x00000000eab00000)
  object space 68608K, 24% used [0x00000000c0000000,0x00000000c102fbb0,0x00000000c4300000)
 Metaspace       used 28615K, committed 29504K, reserved 1114112K
  class space    used 2764K, committed 3136K, reserved 1048576K
}
Event: 34.109 GC heap after
{Heap after GC invocations=11 (full 1):
 PSYoungGen      total 25088K, used 1659K [0x00000000eab00000, 0x00000000ecb00000, 0x0000000100000000)
  eden space 23040K, 0% used [0x00000000eab00000,0x00000000eab00000,0x00000000ec180000)
  from space 2048K, 81% used [0x00000000ec900000,0x00000000eca9eda0,0x00000000ecb00000)
  to   space 2048K, 0% used [0x00000000ec700000,0x00000000ec700000,0x00000000ec900000)
 ParOldGen       total 68608K, used 17825K [0x00000000c0000000, 0x00000000c4300000, 0x00000000eab00000)
  object space 68608K, 25% used [0x00000000c0000000,0x00000000c1168578,0x00000000c4300000)
 Metaspace       used 28615K, committed 29504K, reserved 1114112K
  class space    used 2764K, committed 3136K, reserved 1048576K
}
Event: 38.268 GC heap before
{Heap before GC invocations=12 (full 1):
 PSYoungGen      total 25088K, used 24699K [0x00000000eab00000, 0x00000000ecb00000, 0x0000000100000000)
  eden space 23040K, 99% used [0x00000000eab00000,0x00000000ec17ffe8,0x00000000ec180000)
  from space 2048K, 81% used [0x00000000ec900000,0x00000000eca9eda0,0x00000000ecb00000)
  to   space 2048K, 0% used [0x00000000ec700000,0x00000000ec700000,0x00000000ec900000)
 ParOldGen       total 68608K, used 17825K [0x00000000c0000000, 0x00000000c4300000, 0x00000000eab00000)
  object space 68608K, 25% used [0x00000000c0000000,0x00000000c1168578,0x00000000c4300000)
 Metaspace       used 30559K, committed 31488K, reserved 1114112K
  class space    used 2984K, committed 3392K, reserved 1048576K
}
Event: 38.269 GC heap after
{Heap after GC invocations=12 (full 1):
 PSYoungGen      total 23552K, used 1005K [0x00000000eab00000, 0x00000000ec980000, 0x0000000100000000)
  eden space 22528K, 0% used [0x00000000eab00000,0x00000000eab00000,0x00000000ec100000)
  from space 1024K, 98% used [0x00000000ec700000,0x00000000ec7fb670,0x00000000ec800000)
  to   space 1536K, 0% used [0x00000000ec800000,0x00000000ec800000,0x00000000ec980000)
 ParOldGen       total 68608K, used 19287K [0x00000000c0000000, 0x00000000c4300000, 0x00000000eab00000)
  object space 68608K, 28% used [0x00000000c0000000,0x00000000c12d5c70,0x00000000c4300000)
 Metaspace       used 30559K, committed 31488K, reserved 1114112K
  class space    used 2984K, committed 3392K, reserved 1048576K
}

